2025-02-18 19:30:36.498 [ main ] - [ INFO  ] [ com.gk.study.MySpringApplication : 55 ] - Starting MySpringApplication using Java 17.0.8 on LAPTOP-CQBCU01J with PID 10844 (C:\Users\86136\Desktop\java_jiazheng-master-0b5a3d0e9570b46f48db42d0590d264f822e2fa2\server\target\classes started by 86136 in C:\Users\86136\Desktop\java_jiazheng-master-0b5a3d0e9570b46f48db42d0590d264f822e2fa2)
2025-02-18 19:30:36.507 [ main ] - [ INFO  ] [ com.gk.study.MySpringApplication : 659 ] - No active profile set, falling back to default profiles: default
2025-02-18 19:30:38.261 [ main ] - [ INFO  ] [ org.apache.coyote.http11.Http11NioProtocol : 173 ] - Initializing ProtocolHandler ["http-nio-9100"]
2025-02-18 19:30:38.262 [ main ] - [ INFO  ] [ org.apache.catalina.core.StandardService : 173 ] - Starting service [Tomcat]
2025-02-18 19:30:38.263 [ main ] - [ INFO  ] [ org.apache.catalina.core.StandardEngine : 173 ] - Starting Servlet engine: [Apache Tomcat/9.0.53]
2025-02-18 19:30:38.372 [ main ] - [ INFO  ] [ o.a.c.c.ContainerBase.[Tomcat].[localhost].[/api] : 173 ] - Initializing Spring embedded WebApplicationContext
2025-02-18 19:30:38.446 [ main ] - [ INFO  ] [ c.a.d.s.b.a.DruidDataSourceAutoConfigure : 56 ] - Init DruidDataSource
2025-02-18 19:30:39.144 [ main ] - [ INFO  ] [ com.alibaba.druid.pool.DruidDataSource : 975 ] - {dataSource-1} inited
2025-02-18 19:30:39.487 [ main ] - [ WARN  ] [ c.b.mybatisplus.core.metadata.TableInfoHelper : 342 ] - Can not find table primary key in Class: "java.lang.Object".
2025-02-18 19:30:39.488 [ main ] - [ WARN  ] [ c.b.mybatisplus.core.injector.DefaultSqlInjector : 56 ] - class java.lang.Object ,Not found @TableId annotation, Cannot use Mybatis-Plus 'xxById' Method.
2025-02-18 19:30:39.535 [ main ] - [ WARN  ] [ c.b.mybatisplus.core.injector.AbstractMethod : 414 ] - [com.gk.study.mapper.ServiceProviderMapper.insert] Has been loaded by XML or SqlProvider or Mybatis's Annotation, so ignoring this injection for [class com.baomidou.mybatisplus.core.injector.methods.Insert]
2025-02-18 19:30:39.551 [ main ] - [ WARN  ] [ c.b.mybatisplus.core.injector.AbstractMethod : 414 ] - [com.gk.study.mapper.ServiceProviderMapper.deleteById] Has been loaded by XML or SqlProvider or Mybatis's Annotation, so ignoring this injection for [class com.baomidou.mybatisplus.core.injector.methods.DeleteById]
2025-02-18 19:30:39.554 [ main ] - [ WARN  ] [ c.b.mybatisplus.core.injector.AbstractMethod : 414 ] - [com.gk.study.mapper.ServiceProviderMapper.updateById] Has been loaded by XML or SqlProvider or Mybatis's Annotation, so ignoring this injection for [class com.baomidou.mybatisplus.core.injector.methods.UpdateById]
2025-02-18 19:30:40.925 [ main ] - [ INFO  ] [ org.apache.coyote.http11.Http11NioProtocol : 173 ] - Starting ProtocolHandler ["http-nio-9100"]
2025-02-18 19:30:40.986 [ main ] - [ INFO  ] [ com.gk.study.MySpringApplication : 61 ] - Started MySpringApplication in 5.046 seconds (JVM running for 5.59)
2025-02-18 19:38:33.767 [ http-nio-9100-exec-2 ] - [ INFO  ] [ o.a.c.c.ContainerBase.[Tomcat].[localhost].[/api] : 173 ] - Initializing Spring DispatcherServlet 'dispatcherServlet'
2025-02-18 20:07:50.487 [ http-nio-9100-exec-1 ] - [ WARN  ] [ org.apache.catalina.connector.Request : 173 ] - Creating the temporary upload location [C:\Users\86136\Desktop\java_jiazheng-master-0b5a3d0e9570b46f48db42d0590d264f822e2fa2\server\upload\tmp] as it is required by the servlet [dispatcherServlet]
2025-02-18 20:07:50.543 [ http-nio-9100-exec-1 ] - [ INFO  ] [ com.gk.study.controller.ThingController : 114 ] - Creating thing: Thing(id=null, title=	擦玻璃服务, cover=null, description=上门擦玻璃，保证窗户清洁, price=188, status=null, createTime=null, score=null, mobile=13800138000, age=35, sex=	女, location=深圳市南山区, pv=null, recommendCount=0, wishCount=0, collectCount=0, classificationId=null, Latitude=22.543096, Longitude=114.057865, tags=null, imageFile=null, userId=14)
2025-02-18 20:08:16.820 [ http-nio-9100-exec-2 ] - [ INFO  ] [ com.gk.study.controller.ThingController : 114 ] - Creating thing: Thing(id=null, title=	擦玻璃服务, cover=null, description=上门擦玻璃，保证窗户清洁, price=188, status=null, createTime=null, score=null, mobile=13800138000, age=35, sex=女, location=深圳市南山区, pv=null, recommendCount=0, wishCount=0, collectCount=0, classificationId=null, Latitude=22.543096, Longitude=114.057865, tags=null, imageFile=null, userId=14)
2025-02-18 20:14:39.270 [ http-nio-9100-exec-9 ] - [ INFO  ] [ com.gk.study.controller.ThingController : 114 ] - Creating thing: Thing(id=null, title=	擦玻璃服务, cover=null, description=上门擦玻璃，保证窗户清洁, price=188, status=null, createTime=null, score=null, mobile=13800138000, age=35, sex=女, location=深圳市南山区, pv=null, recommendCount=0, wishCount=0, collectCount=0, classificationId=null, Latitude=22.543096, Longitude=114.057865, tags=null, imageFile=null, userId=15)
